<?xml version="1.0" encoding="UTF-8"?>
<!-- Generated by org.testng.reporters.JUnitReportReporter -->
<testsuite skipped="0" hostname="DESKTOP-UI3JR2A" name="Cars" tests="3" failures="0" timestamp="30 Sep 2018 20:43:03 GMT" time="34.612" errors="0">
  <testcase name="verfiyTitleOfCars" time="9.372" classname="Cars"/>
  <testcase name="SearchCarsForAZipCode" time="12.447" classname="Cars"/>
  <testcase name="titleOfSearchPageByZipCode" time="12.793" classname="Cars"/>
</testsuite> <!-- Cars -->
